Timing Analyzer report for BOXVGA
Fri Mar 14 19:05:26 2025
Quartus Prime Version 18.1.0 Build 625 09/12/2018 SJ Lite Edition


---------------------
; Table of Contents ;
---------------------
  1. Legal Notice
  2. Timing Analyzer Summary
  3. Parallel Compilation
  4. Clocks
  5. Slow 1200mV 85C Model Fmax Summary
  6. Slow 1200mV 85C Model Setup Summary
  7. Slow 1200mV 85C Model Hold Summary
  8. Slow 1200mV 85C Model Recovery Summary
  9. Slow 1200mV 85C Model Removal Summary
 10. Slow 1200mV 85C Model Minimum Pulse Width Summary
 11. Slow 1200mV 85C Model Metastability Summary
 12. Slow 1200mV 0C Model Fmax Summary
 13. Slow 1200mV 0C Model Setup Summary
 14. Slow 1200mV 0C Model Hold Summary
 15. Slow 1200mV 0C Model Recovery Summary
 16. Slow 1200mV 0C Model Removal Summary
 17. Slow 1200mV 0C Model Minimum Pulse Width Summary
 18. Slow 1200mV 0C Model Metastability Summary
 19. Fast 1200mV 0C Model Setup Summary
 20. Fast 1200mV 0C Model Hold Summary
 21. Fast 1200mV 0C Model Recovery Summary
 22. Fast 1200mV 0C Model Removal Summary
 23. Fast 1200mV 0C Model Minimum Pulse Width Summary
 24. Fast 1200mV 0C Model Metastability Summary
 25. Multicorner Timing Analysis Summary
 26. Board Trace Model Assignments
 27. Input Transition Times
 28. Signal Integrity Metrics (Slow 1200mv 0c Model)
 29. Signal Integrity Metrics (Slow 1200mv 85c Model)
 30. Signal Integrity Metrics (Fast 1200mv 0c Model)
 31. Setup Transfers
 32. Hold Transfers
 33. Recovery Transfers
 34. Removal Transfers
 35. Report TCCS
 36. Report RSKM
 37. Unconstrained Paths Summary
 38. Clock Status Summary
 39. Unconstrained Input Ports
 40. Unconstrained Output Ports
 41. Unconstrained Input Ports
 42. Unconstrained Output Ports
 43. Timing Analyzer Messages



----------------
; Legal Notice ;
----------------
Copyright (C) 2018  Intel Corporation. All rights reserved.
Your use of Intel Corporation's design tools, logic functions 
and other software and tools, and its AMPP partner logic 
functions, and any output files from any of the foregoing 
(including device programming or simulation files), and any 
associated documentation or information are expressly subject 
to the terms and conditions of the Intel Program License 
Subscription Agreement, the Intel Quartus Prime License Agreement,
the Intel FPGA IP License Agreement, or other applicable license
agreement, including, without limitation, that your use is for
the sole purpose of programming logic devices manufactured by
Intel and sold by Intel or its authorized distributors.  Please
refer to the applicable agreement for further details.



+-----------------------------------------------------------------------------+
; Timing Analyzer Summary                                                     ;
+-----------------------+-----------------------------------------------------+
; Quartus Prime Version ; Version 18.1.0 Build 625 09/12/2018 SJ Lite Edition ;
; Timing Analyzer       ; Legacy Timing Analyzer                              ;
; Revision Name         ; BOXVGA                                              ;
; Device Family         ; MAX 10                                              ;
; Device Name           ; 10M50DAF484C7G                                      ;
; Timing Models         ; Final                                               ;
; Delay Model           ; Combined                                            ;
; Rise/Fall Delays      ; Enabled                                             ;
+-----------------------+-----------------------------------------------------+


+------------------------------------------+
; Parallel Compilation                     ;
+----------------------------+-------------+
; Processors                 ; Number      ;
+----------------------------+-------------+
; Number detected on machine ; 16          ;
; Maximum allowed            ; 12          ;
;                            ;             ;
; Average used               ; 2.83        ;
; Maximum used               ; 12          ;
;                            ;             ;
; Usage by Processor         ; % Time Used ;
;     Processor 1            ; 100.0%      ;
;     Processor 2            ;  16.9%      ;
;     Processors 3-12        ;  16.6%      ;
+----------------------------+-------------+


+------------------------------------------------------------------------------------------------------------------------------------------------------------------------------------------------------------------+
; Clocks                                                                                                                                                                                                           ;
+-------------------------+------+--------+------------+-------+-------+------------+-----------+-------------+-------+--------+-----------+------------+----------+--------+--------+-----------------------------+
; Clock Name              ; Type ; Period ; Frequency  ; Rise  ; Fall  ; Duty Cycle ; Divide by ; Multiply by ; Phase ; Offset ; Edge List ; Edge Shift ; Inverted ; Master ; Source ; Targets                     ;
+-------------------------+------+--------+------------+-------+-------+------------+-----------+-------------+-------+--------+-----------+------------+----------+--------+--------+-----------------------------+
; CLK                     ; Base ; 1.000  ; 1000.0 MHz ; 0.000 ; 0.500 ;            ;           ;             ;       ;        ;           ;            ;          ;        ;        ; { CLK }                     ;
; Contador800Mod:I1|carry ; Base ; 1.000  ; 1000.0 MHz ; 0.000 ; 0.500 ;            ;           ;             ;       ;        ;           ;            ;          ;        ;        ; { Contador800Mod:I1|carry } ;
; DIVFREC:I0|FF           ; Base ; 1.000  ; 1000.0 MHz ; 0.000 ; 0.500 ;            ;           ;             ;       ;        ;           ;            ;          ;        ;        ; { DIVFREC:I0|FF }           ;
; YSINCVGA:I3|EDO.IDLE    ; Base ; 1.000  ; 1000.0 MHz ; 0.000 ; 0.500 ;            ;           ;             ;       ;        ;           ;            ;          ;        ;        ; { YSINCVGA:I3|EDO.IDLE }    ;
; YSINCVGA:I3|VSINC       ; Base ; 1.000  ; 1000.0 MHz ; 0.000 ; 0.500 ;            ;           ;             ;       ;        ;           ;            ;          ;        ;        ; { YSINCVGA:I3|VSINC }       ;
+-------------------------+------+--------+------------+-------+-------+------------+-----------+-------------+-------+--------+-----------+------------+----------+--------+--------+-----------------------------+


+---------------------------------------------------------------------------------------------------------+
; Slow 1200mV 85C Model Fmax Summary                                                                      ;
+------------+-----------------+-------------------------+------------------------------------------------+
; Fmax       ; Restricted Fmax ; Clock Name              ; Note                                           ;
+------------+-----------------+-------------------------+------------------------------------------------+
; 97.64 MHz  ; 97.64 MHz       ; YSINCVGA:I3|VSINC       ;                                                ;
; 229.62 MHz ; 229.62 MHz      ; DIVFREC:I0|FF           ;                                                ;
; 426.8 MHz  ; 416.15 MHz      ; Contador800Mod:I1|carry ; limit due to minimum period restriction (tmin) ;
+------------+-----------------+-------------------------+------------------------------------------------+
This panel reports FMAX for every clock in the design, regardless of the user-specified clock periods.  FMAX is only computed for paths where the source and destination registers or ports are driven by the same clock.  Paths of different clocks, including generated clocks, are ignored.  For paths between a clock and its inversion, FMAX is computed as if the rising and falling edges are scaled along with FMAX, such that the duty cycle (in terms of a percentage) is maintained. Altera recommends that you always use clock constraints and other slack reports for sign-off analysis.


+--------------------------------------------------+
; Slow 1200mV 85C Model Setup Summary              ;
+-------------------------+--------+---------------+
; Clock                   ; Slack  ; End Point TNS ;
+-------------------------+--------+---------------+
; YSINCVGA:I3|VSINC       ; -9.242 ; -3048.720     ;
; DIVFREC:I0|FF           ; -4.530 ; -42.470       ;
; YSINCVGA:I3|EDO.IDLE    ; -4.169 ; -4.169        ;
; Contador800Mod:I1|carry ; -1.343 ; -7.505        ;
; CLK                     ; -0.942 ; -0.942        ;
+-------------------------+--------+---------------+


+-------------------------------------------------+
; Slow 1200mV 85C Model Hold Summary              ;
+-------------------------+-------+---------------+
; Clock                   ; Slack ; End Point TNS ;
+-------------------------+-------+---------------+
; YSINCVGA:I3|VSINC       ; 0.323 ; 0.000         ;
; DIVFREC:I0|FF           ; 0.324 ; 0.000         ;
; Contador800Mod:I1|carry ; 0.341 ; 0.000         ;
; CLK                     ; 0.840 ; 0.000         ;
; YSINCVGA:I3|EDO.IDLE    ; 3.770 ; 0.000         ;
+-------------------------+-------+---------------+


+--------------------------------------------------+
; Slow 1200mV 85C Model Recovery Summary           ;
+-------------------------+--------+---------------+
; Clock                   ; Slack  ; End Point TNS ;
+-------------------------+--------+---------------+
; Contador800Mod:I1|carry ; -2.678 ; -25.422       ;
; DIVFREC:I0|FF           ; -2.085 ; -17.815       ;
+-------------------------+--------+---------------+


+-------------------------------------------------+
; Slow 1200mV 85C Model Removal Summary           ;
+-------------------------+-------+---------------+
; Clock                   ; Slack ; End Point TNS ;
+-------------------------+-------+---------------+
; DIVFREC:I0|FF           ; 2.067 ; 0.000         ;
; Contador800Mod:I1|carry ; 2.203 ; 0.000         ;
+-------------------------+-------+---------------+


+---------------------------------------------------+
; Slow 1200mV 85C Model Minimum Pulse Width Summary ;
+-------------------------+--------+----------------+
; Clock                   ; Slack  ; End Point TNS  ;
+-------------------------+--------+----------------+
; CLK                     ; -3.000 ; -4.403         ;
; YSINCVGA:I3|VSINC       ; -1.403 ; -611.708       ;
; DIVFREC:I0|FF           ; -1.403 ; -29.463        ;
; Contador800Mod:I1|carry ; -1.403 ; -14.030        ;
; YSINCVGA:I3|EDO.IDLE    ; 0.479  ; 0.000          ;
+-------------------------+--------+----------------+


-----------------------------------------------
; Slow 1200mV 85C Model Metastability Summary ;
-----------------------------------------------
No synchronizer chains to report.


+---------------------------------------------------------------------------------------------------------+
; Slow 1200mV 0C Model Fmax Summary                                                                       ;
+------------+-----------------+-------------------------+------------------------------------------------+
; Fmax       ; Restricted Fmax ; Clock Name              ; Note                                           ;
+------------+-----------------+-------------------------+------------------------------------------------+
; 106.46 MHz ; 106.46 MHz      ; YSINCVGA:I3|VSINC       ;                                                ;
; 250.19 MHz ; 250.19 MHz      ; DIVFREC:I0|FF           ;                                                ;
; 460.41 MHz ; 416.15 MHz      ; Contador800Mod:I1|carry ; limit due to minimum period restriction (tmin) ;
+------------+-----------------+-------------------------+------------------------------------------------+
This panel reports FMAX for every clock in the design, regardless of the user-specified clock periods.  FMAX is only computed for paths where the source and destination registers or ports are driven by the same clock.  Paths of different clocks, including generated clocks, are ignored.  For paths between a clock and its inversion, FMAX is computed as if the rising and falling edges are scaled along with FMAX, such that the duty cycle (in terms of a percentage) is maintained. Altera recommends that you always use clock constraints and other slack reports for sign-off analysis.


+--------------------------------------------------+
; Slow 1200mV 0C Model Setup Summary               ;
+-------------------------+--------+---------------+
; Clock                   ; Slack  ; End Point TNS ;
+-------------------------+--------+---------------+
; YSINCVGA:I3|VSINC       ; -8.393 ; -2734.780     ;
; DIVFREC:I0|FF           ; -4.109 ; -37.489       ;
; YSINCVGA:I3|EDO.IDLE    ; -3.757 ; -3.757        ;
; Contador800Mod:I1|carry ; -1.172 ; -6.212        ;
; CLK                     ; -0.795 ; -0.795        ;
+-------------------------+--------+---------------+


+-------------------------------------------------+
; Slow 1200mV 0C Model Hold Summary               ;
+-------------------------+-------+---------------+
; Clock                   ; Slack ; End Point TNS ;
+-------------------------+-------+---------------+
; YSINCVGA:I3|VSINC       ; 0.289 ; 0.000         ;
; DIVFREC:I0|FF           ; 0.292 ; 0.000         ;
; Contador800Mod:I1|carry ; 0.307 ; 0.000         ;
; CLK                     ; 0.748 ; 0.000         ;
; YSINCVGA:I3|EDO.IDLE    ; 3.481 ; 0.000         ;
+-------------------------+-------+---------------+


+--------------------------------------------------+
; Slow 1200mV 0C Model Recovery Summary            ;
+-------------------------+--------+---------------+
; Clock                   ; Slack  ; End Point TNS ;
+-------------------------+--------+---------------+
; Contador800Mod:I1|carry ; -2.419 ; -22.727       ;
; DIVFREC:I0|FF           ; -1.850 ; -15.566       ;
+-------------------------+--------+---------------+


+-------------------------------------------------+
; Slow 1200mV 0C Model Removal Summary            ;
+-------------------------+-------+---------------+
; Clock                   ; Slack ; End Point TNS ;
+-------------------------+-------+---------------+
; DIVFREC:I0|FF           ; 1.893 ; 0.000         ;
; Contador800Mod:I1|carry ; 2.043 ; 0.000         ;
+-------------------------+-------+---------------+


+--------------------------------------------------+
; Slow 1200mV 0C Model Minimum Pulse Width Summary ;
+-------------------------+--------+---------------+
; Clock                   ; Slack  ; End Point TNS ;
+-------------------------+--------+---------------+
; CLK                     ; -3.000 ; -4.403        ;
; YSINCVGA:I3|VSINC       ; -1.403 ; -611.708      ;
; DIVFREC:I0|FF           ; -1.403 ; -29.463       ;
; Contador800Mod:I1|carry ; -1.403 ; -14.030       ;
; YSINCVGA:I3|EDO.IDLE    ; 0.475  ; 0.000         ;
+-------------------------+--------+---------------+


----------------------------------------------
; Slow 1200mV 0C Model Metastability Summary ;
----------------------------------------------
No synchronizer chains to report.


+--------------------------------------------------+
; Fast 1200mV 0C Model Setup Summary               ;
+-------------------------+--------+---------------+
; Clock                   ; Slack  ; End Point TNS ;
+-------------------------+--------+---------------+
; YSINCVGA:I3|VSINC       ; -3.177 ; -1017.089     ;
; YSINCVGA:I3|EDO.IDLE    ; -1.685 ; -1.685        ;
; DIVFREC:I0|FF           ; -1.363 ; -8.336        ;
; CLK                     ; -0.116 ; -0.116        ;
; Contador800Mod:I1|carry ; 0.027  ; 0.000         ;
+-------------------------+--------+---------------+


+-------------------------------------------------+
; Fast 1200mV 0C Model Hold Summary               ;
+-------------------------+-------+---------------+
; Clock                   ; Slack ; End Point TNS ;
+-------------------------+-------+---------------+
; YSINCVGA:I3|VSINC       ; 0.141 ; 0.000         ;
; DIVFREC:I0|FF           ; 0.142 ; 0.000         ;
; Contador800Mod:I1|carry ; 0.148 ; 0.000         ;
; CLK                     ; 0.331 ; 0.000         ;
; YSINCVGA:I3|EDO.IDLE    ; 2.070 ; 0.000         ;
+-------------------------+-------+---------------+


+--------------------------------------------------+
; Fast 1200mV 0C Model Recovery Summary            ;
+-------------------------+--------+---------------+
; Clock                   ; Slack  ; End Point TNS ;
+-------------------------+--------+---------------+
; Contador800Mod:I1|carry ; -0.638 ; -5.711        ;
; DIVFREC:I0|FF           ; -0.350 ; -2.139        ;
+-------------------------+--------+---------------+


+-------------------------------------------------+
; Fast 1200mV 0C Model Removal Summary            ;
+-------------------------+-------+---------------+
; Clock                   ; Slack ; End Point TNS ;
+-------------------------+-------+---------------+
; DIVFREC:I0|FF           ; 0.862 ; 0.000         ;
; Contador800Mod:I1|carry ; 0.905 ; 0.000         ;
+-------------------------+-------+---------------+


+--------------------------------------------------+
; Fast 1200mV 0C Model Minimum Pulse Width Summary ;
+-------------------------+--------+---------------+
; Clock                   ; Slack  ; End Point TNS ;
+-------------------------+--------+---------------+
; CLK                     ; -3.000 ; -4.009        ;
; YSINCVGA:I3|VSINC       ; -1.000 ; -436.000      ;
; DIVFREC:I0|FF           ; -1.000 ; -21.000       ;
; Contador800Mod:I1|carry ; -1.000 ; -10.000       ;
; YSINCVGA:I3|EDO.IDLE    ; 0.497  ; 0.000         ;
+-------------------------+--------+---------------+


----------------------------------------------
; Fast 1200mV 0C Model Metastability Summary ;
----------------------------------------------
No synchronizer chains to report.


+-----------------------------------------------------------------------------------------+
; Multicorner Timing Analysis Summary                                                     ;
+--------------------------+-----------+-------+----------+---------+---------------------+
; Clock                    ; Setup     ; Hold  ; Recovery ; Removal ; Minimum Pulse Width ;
+--------------------------+-----------+-------+----------+---------+---------------------+
; Worst-case Slack         ; -9.242    ; 0.141 ; -2.678   ; 0.862   ; -3.000              ;
;  CLK                     ; -0.942    ; 0.331 ; N/A      ; N/A     ; -3.000              ;
;  Contador800Mod:I1|carry ; -1.343    ; 0.148 ; -2.678   ; 0.905   ; -1.403              ;
;  DIVFREC:I0|FF           ; -4.530    ; 0.142 ; -2.085   ; 0.862   ; -1.403              ;
;  YSINCVGA:I3|EDO.IDLE    ; -4.169    ; 2.070 ; N/A      ; N/A     ; 0.475               ;
;  YSINCVGA:I3|VSINC       ; -9.242    ; 0.141 ; N/A      ; N/A     ; -1.403              ;
; Design-wide TNS          ; -3103.806 ; 0.0   ; -43.237  ; 0.0     ; -659.604            ;
;  CLK                     ; -0.942    ; 0.000 ; N/A      ; N/A     ; -4.403              ;
;  Contador800Mod:I1|carry ; -7.505    ; 0.000 ; -25.422  ; 0.000   ; -14.030             ;
;  DIVFREC:I0|FF           ; -42.470   ; 0.000 ; -17.815  ; 0.000   ; -29.463             ;
;  YSINCVGA:I3|EDO.IDLE    ; -4.169    ; 0.000 ; N/A      ; N/A     ; 0.000               ;
;  YSINCVGA:I3|VSINC       ; -3048.720 ; 0.000 ; N/A      ; N/A     ; -611.708            ;
+--------------------------+-----------+-------+----------+---------+---------------------+


+-----------------------------------------------------------------------------------------------------------------------------------------------------------------------------------------------------------------------------------------------------------------------------------------------------------------------------------------------------------------------------------------------------------------+
; Board Trace Model Assignments                                                                                                                                                                                                                                                                                                                                                                                   ;
+--------------+--------------+-------------------+-------------------------+-------------------------+---------------+---------------------+----------------+------------------+--------+------------------+------------------------+------------------------+--------------+---------------+-----------------+-------+---------------------+--------------------+---------------+-----------------+-------------+
; Pin          ; I/O Standard ; Near Tline Length ; Near Tline L per Length ; Near Tline C per Length ; Near Series R ; Near Differential R ; Near Pull-up R ; Near Pull-down R ; Near C ; Far Tline Length ; Far Tline L per Length ; Far Tline C per Length ; Far Series R ; Far Pull-up R ; Far Pull-down R ; Far C ; Termination Voltage ; Far Differential R ; EBD File Name ; EBD Signal Name ; EBD Far-end ;
+--------------+--------------+-------------------+-------------------------+-------------------------+---------------+---------------------+----------------+------------------+--------+------------------+------------------------+------------------------+--------------+---------------+-----------------+-------+---------------------+--------------------+---------------+-----------------+-------------+
; VSINC        ; 2.5 V        ; 0 in              ; 0 H/in                  ; 0 F/in                  ; short         ; -                   ; open           ; open             ; open   ; 0 in             ; 0 H/in                 ; 0 F/in                 ; short        ; open          ; open            ; open  ; 0 V                 ; -                  ; n/a           ; n/a             ; n/a         ;
; HSINC        ; 2.5 V        ; 0 in              ; 0 H/in                  ; 0 F/in                  ; short         ; -                   ; open           ; open             ; open   ; 0 in             ; 0 H/in                 ; 0 F/in                 ; short        ; open          ; open            ; open  ; 0 V                 ; -                  ; n/a           ; n/a             ; n/a         ;
; R[0]         ; 2.5 V        ; 0 in              ; 0 H/in                  ; 0 F/in                  ; short         ; -                   ; open           ; open             ; open   ; 0 in             ; 0 H/in                 ; 0 F/in                 ; short        ; open          ; open            ; open  ; 0 V                 ; -                  ; n/a           ; n/a             ; n/a         ;
; R[1]         ; 2.5 V        ; 0 in              ; 0 H/in                  ; 0 F/in                  ; short         ; -                   ; open           ; open             ; open   ; 0 in             ; 0 H/in                 ; 0 F/in                 ; short        ; open          ; open            ; open  ; 0 V                 ; -                  ; n/a           ; n/a             ; n/a         ;
; R[2]         ; 2.5 V        ; 0 in              ; 0 H/in                  ; 0 F/in                  ; short         ; -                   ; open           ; open             ; open   ; 0 in             ; 0 H/in                 ; 0 F/in                 ; short        ; open          ; open            ; open  ; 0 V                 ; -                  ; n/a           ; n/a             ; n/a         ;
; R[3]         ; 2.5 V        ; 0 in              ; 0 H/in                  ; 0 F/in                  ; short         ; -                   ; open           ; open             ; open   ; 0 in             ; 0 H/in                 ; 0 F/in                 ; short        ; open          ; open            ; open  ; 0 V                 ; -                  ; n/a           ; n/a             ; n/a         ;
; G[0]         ; 2.5 V        ; 0 in              ; 0 H/in                  ; 0 F/in                  ; short         ; -                   ; open           ; open             ; open   ; 0 in             ; 0 H/in                 ; 0 F/in                 ; short        ; open          ; open            ; open  ; 0 V                 ; -                  ; n/a           ; n/a             ; n/a         ;
; G[1]         ; 2.5 V        ; 0 in              ; 0 H/in                  ; 0 F/in                  ; short         ; -                   ; open           ; open             ; open   ; 0 in             ; 0 H/in                 ; 0 F/in                 ; short        ; open          ; open            ; open  ; 0 V                 ; -                  ; n/a           ; n/a             ; n/a         ;
; G[2]         ; 2.5 V        ; 0 in              ; 0 H/in                  ; 0 F/in                  ; short         ; -                   ; open           ; open             ; open   ; 0 in             ; 0 H/in                 ; 0 F/in                 ; short        ; open          ; open            ; open  ; 0 V                 ; -                  ; n/a           ; n/a             ; n/a         ;
; G[3]         ; 2.5 V        ; 0 in              ; 0 H/in                  ; 0 F/in                  ; short         ; -                   ; open           ; open             ; open   ; 0 in             ; 0 H/in                 ; 0 F/in                 ; short        ; open          ; open            ; open  ; 0 V                 ; -                  ; n/a           ; n/a             ; n/a         ;
; B[0]         ; 2.5 V        ; 0 in              ; 0 H/in                  ; 0 F/in                  ; short         ; -                   ; open           ; open             ; open   ; 0 in             ; 0 H/in                 ; 0 F/in                 ; short        ; open          ; open            ; open  ; 0 V                 ; -                  ; n/a           ; n/a             ; n/a         ;
; B[1]         ; 2.5 V        ; 0 in              ; 0 H/in                  ; 0 F/in                  ; short         ; -                   ; open           ; open             ; open   ; 0 in             ; 0 H/in                 ; 0 F/in                 ; short        ; open          ; open            ; open  ; 0 V                 ; -                  ; n/a           ; n/a             ; n/a         ;
; B[2]         ; 2.5 V        ; 0 in              ; 0 H/in                  ; 0 F/in                  ; short         ; -                   ; open           ; open             ; open   ; 0 in             ; 0 H/in                 ; 0 F/in                 ; short        ; open          ; open            ; open  ; 0 V                 ; -                  ; n/a           ; n/a             ; n/a         ;
; B[3]         ; 2.5 V        ; 0 in              ; 0 H/in                  ; 0 F/in                  ; short         ; -                   ; open           ; open             ; open   ; 0 in             ; 0 H/in                 ; 0 F/in                 ; short        ; open          ; open            ; open  ; 0 V                 ; -                  ; n/a           ; n/a             ; n/a         ;
; ~ALTERA_TDO~ ; 2.5 V        ; 0 in              ; 0 H/in                  ; 0 F/in                  ; short         ; -                   ; open           ; open             ; open   ; 0 in             ; 0 H/in                 ; 0 F/in                 ; short        ; open          ; open            ; open  ; 0 V                 ; -                  ; n/a           ; n/a             ; n/a         ;
+--------------+--------------+-------------------+-------------------------+-------------------------+---------------+---------------------+----------------+------------------+--------+------------------+------------------------+------------------------+--------------+---------------+-----------------+-------+---------------------+--------------------+---------------+-----------------+-------------+


+---------------------------------------------------------------------------------+
; Input Transition Times                                                          ;
+---------------------+-----------------------+-----------------+-----------------+
; Pin                 ; I/O Standard          ; 10-90 Rise Time ; 90-10 Fall Time ;
+---------------------+-----------------------+-----------------+-----------------+
; PERSONAJE           ; 2.5 V                 ; 2000 ps         ; 2000 ps         ;
; START               ; 2.5 V                 ; 2000 ps         ; 2000 ps         ;
; RST                 ; 2.5 V                 ; 2000 ps         ; 2000 ps         ;
; JUMP                ; 2.5 V                 ; 2000 ps         ; 2000 ps         ;
; SWF                 ; 2.5 V                 ; 2000 ps         ; 2000 ps         ;
; SWB                 ; 2.5 V                 ; 2000 ps         ; 2000 ps         ;
; CLK                 ; 2.5 V                 ; 2000 ps         ; 2000 ps         ;
; ~ALTERA_TMS~        ; 2.5 V Schmitt Trigger ; 2000 ps         ; 2000 ps         ;
; ~ALTERA_TCK~        ; 2.5 V Schmitt Trigger ; 2000 ps         ; 2000 ps         ;
; ~ALTERA_TDI~        ; 2.5 V Schmitt Trigger ; 2000 ps         ; 2000 ps         ;
; ~ALTERA_CONFIG_SEL~ ; 2.5 V                 ; 2000 ps         ; 2000 ps         ;
; ~ALTERA_nCONFIG~    ; 2.5 V Schmitt Trigger ; 2000 ps         ; 2000 ps         ;
; ~ALTERA_nSTATUS~    ; 2.5 V Schmitt Trigger ; 2000 ps         ; 2000 ps         ;
; ~ALTERA_CONF_DONE~  ; 2.5 V Schmitt Trigger ; 2000 ps         ; 2000 ps         ;
+---------------------+-----------------------+-----------------+-----------------+


+-------------------------------------------------------------------------------------------------------------------------------------------------------------------------------------------------------------------------------------------------------------------------------------------------------------------------------------------------------------------------------------------------------------------------------------------------------------------------------------------------------------------------------------------------------------------------------------------------------------------------------------------------------------------------------------------+
; Signal Integrity Metrics (Slow 1200mv 0c Model)                                                                                                                                                                                                                                                                                                                                                                                                                                                                                                                                                                                                                                           ;
+--------------+--------------+---------------------+---------------------+------------------------------+------------------------------+---------------------+---------------------+--------------------------------------+--------------------------------------+-----------------------------+-----------------------------+----------------------------+----------------------------+-----------------------------+-----------------------------+--------------------+--------------------+-------------------------------------+-------------------------------------+----------------------------+----------------------------+---------------------------+---------------------------+
; Pin          ; I/O Standard ; Board Delay on Rise ; Board Delay on Fall ; Steady State Voh at FPGA Pin ; Steady State Vol at FPGA Pin ; Voh Max at FPGA Pin ; Vol Min at FPGA Pin ; Ringback Voltage on Rise at FPGA Pin ; Ringback Voltage on Fall at FPGA Pin ; 10-90 Rise Time at FPGA Pin ; 90-10 Fall Time at FPGA Pin ; Monotonic Rise at FPGA Pin ; Monotonic Fall at FPGA Pin ; Steady State Voh at Far-end ; Steady State Vol at Far-end ; Voh Max at Far-end ; Vol Min at Far-end ; Ringback Voltage on Rise at Far-end ; Ringback Voltage on Fall at Far-end ; 10-90 Rise Time at Far-end ; 90-10 Fall Time at Far-end ; Monotonic Rise at Far-end ; Monotonic Fall at Far-end ;
+--------------+--------------+---------------------+---------------------+------------------------------+------------------------------+---------------------+---------------------+--------------------------------------+--------------------------------------+-----------------------------+-----------------------------+----------------------------+----------------------------+-----------------------------+-----------------------------+--------------------+--------------------+-------------------------------------+-------------------------------------+----------------------------+----------------------------+---------------------------+---------------------------+
; VSINC        ; 2.5 V        ; 0 s                 ; 0 s                 ; 2.32 V                       ; 8.25e-09 V                   ; 2.41 V              ; -0.0871 V           ; 0.291 V                              ; 0.138 V                              ; 3.15e-10 s                  ; 4.16e-10 s                  ; No                         ; Yes                        ; 2.32 V                      ; 8.25e-09 V                  ; 2.41 V             ; -0.0871 V          ; 0.291 V                             ; 0.138 V                             ; 3.15e-10 s                 ; 4.16e-10 s                 ; No                        ; Yes                       ;
; HSINC        ; 2.5 V        ; 0 s                 ; 0 s                 ; 2.32 V                       ; 8.25e-09 V                   ; 2.41 V              ; -0.0859 V           ; 0.289 V                              ; 0.136 V                              ; 3.15e-10 s                  ; 4.16e-10 s                  ; No                         ; Yes                        ; 2.32 V                      ; 8.25e-09 V                  ; 2.41 V             ; -0.0859 V          ; 0.289 V                             ; 0.136 V                             ; 3.15e-10 s                 ; 4.16e-10 s                 ; No                        ; Yes                       ;
; R[0]         ; 2.5 V        ; 0 s                 ; 0 s                 ; 2.32 V                       ; 8.25e-09 V                   ; 2.41 V              ; -0.0859 V           ; 0.289 V                              ; 0.136 V                              ; 3.15e-10 s                  ; 4.16e-10 s                  ; No                         ; Yes                        ; 2.32 V                      ; 8.25e-09 V                  ; 2.41 V             ; -0.0859 V          ; 0.289 V                             ; 0.136 V                             ; 3.15e-10 s                 ; 4.16e-10 s                 ; No                        ; Yes                       ;
; R[1]         ; 2.5 V        ; 0 s                 ; 0 s                 ; 2.32 V                       ; 8.25e-09 V                   ; 2.41 V              ; -0.0871 V           ; 0.291 V                              ; 0.138 V                              ; 3.15e-10 s                  ; 4.16e-10 s                  ; No                         ; Yes                        ; 2.32 V                      ; 8.25e-09 V                  ; 2.41 V             ; -0.0871 V          ; 0.291 V                             ; 0.138 V                             ; 3.15e-10 s                 ; 4.16e-10 s                 ; No                        ; Yes                       ;
; R[2]         ; 2.5 V        ; 0 s                 ; 0 s                 ; 2.32 V                       ; 8.25e-09 V                   ; 2.41 V              ; -0.0871 V           ; 0.291 V                              ; 0.138 V                              ; 3.15e-10 s                  ; 4.16e-10 s                  ; No                         ; Yes                        ; 2.32 V                      ; 8.25e-09 V                  ; 2.41 V             ; -0.0871 V          ; 0.291 V                             ; 0.138 V                             ; 3.15e-10 s                 ; 4.16e-10 s                 ; No                        ; Yes                       ;
; R[3]         ; 2.5 V        ; 0 s                 ; 0 s                 ; 2.32 V                       ; 8.25e-09 V                   ; 2.41 V              ; -0.0859 V           ; 0.289 V                              ; 0.136 V                              ; 3.15e-10 s                  ; 4.16e-10 s                  ; No                         ; Yes                        ; 2.32 V                      ; 8.25e-09 V                  ; 2.41 V             ; -0.0859 V          ; 0.289 V                             ; 0.136 V                             ; 3.15e-10 s                 ; 4.16e-10 s                 ; No                        ; Yes                       ;
; G[0]         ; 2.5 V        ; 0 s                 ; 0 s                 ; 2.32 V                       ; 8.25e-09 V                   ; 2.41 V              ; -0.0859 V           ; 0.289 V                              ; 0.136 V                              ; 3.15e-10 s                  ; 4.16e-10 s                  ; No                         ; Yes                        ; 2.32 V                      ; 8.25e-09 V                  ; 2.41 V             ; -0.0859 V          ; 0.289 V                             ; 0.136 V                             ; 3.15e-10 s                 ; 4.16e-10 s                 ; No                        ; Yes                       ;
; G[1]         ; 2.5 V        ; 0 s                 ; 0 s                 ; 2.32 V                       ; 8.25e-09 V                   ; 2.41 V              ; -0.0871 V           ; 0.291 V                              ; 0.138 V                              ; 3.15e-10 s                  ; 4.16e-10 s                  ; No                         ; Yes                        ; 2.32 V                      ; 8.25e-09 V                  ; 2.41 V             ; -0.0871 V          ; 0.291 V                             ; 0.138 V                             ; 3.15e-10 s                 ; 4.16e-10 s                 ; No                        ; Yes                       ;
; G[2]         ; 2.5 V        ; 0 s                 ; 0 s                 ; 2.32 V                       ; 8.25e-09 V                   ; 2.41 V              ; -0.0871 V           ; 0.291 V                              ; 0.138 V                              ; 3.15e-10 s                  ; 4.16e-10 s                  ; No                         ; Yes                        ; 2.32 V                      ; 8.25e-09 V                  ; 2.41 V             ; -0.0871 V          ; 0.291 V                             ; 0.138 V                             ; 3.15e-10 s                 ; 4.16e-10 s                 ; No                        ; Yes                       ;
; G[3]         ; 2.5 V        ; 0 s                 ; 0 s                 ; 2.32 V                       ; 8.25e-09 V                   ; 2.41 V              ; -0.0859 V           ; 0.289 V                              ; 0.136 V                              ; 3.15e-10 s                  ; 4.16e-10 s                  ; No                         ; Yes                        ; 2.32 V                      ; 8.25e-09 V                  ; 2.41 V             ; -0.0859 V          ; 0.289 V                             ; 0.136 V                             ; 3.15e-10 s                 ; 4.16e-10 s                 ; No                        ; Yes                       ;
; B[0]         ; 2.5 V        ; 0 s                 ; 0 s                 ; 2.32 V                       ; 8.25e-09 V                   ; 2.41 V              ; -0.0859 V           ; 0.289 V                              ; 0.136 V                              ; 3.15e-10 s                  ; 4.16e-10 s                  ; No                         ; Yes                        ; 2.32 V                      ; 8.25e-09 V                  ; 2.41 V             ; -0.0859 V          ; 0.289 V                             ; 0.136 V                             ; 3.15e-10 s                 ; 4.16e-10 s                 ; No                        ; Yes                       ;
; B[1]         ; 2.5 V        ; 0 s                 ; 0 s                 ; 2.32 V                       ; 8.25e-09 V                   ; 2.41 V              ; -0.0859 V           ; 0.289 V                              ; 0.136 V                              ; 3.15e-10 s                  ; 4.16e-10 s                  ; No                         ; Yes                        ; 2.32 V                      ; 8.25e-09 V                  ; 2.41 V             ; -0.0859 V          ; 0.289 V                             ; 0.136 V                             ; 3.15e-10 s                 ; 4.16e-10 s                 ; No                        ; Yes                       ;
; B[2]         ; 2.5 V        ; 0 s                 ; 0 s                 ; 2.32 V                       ; 8.25e-09 V                   ; 2.41 V              ; -0.0859 V           ; 0.289 V                              ; 0.136 V                              ; 3.15e-10 s                  ; 4.16e-10 s                  ; No                         ; Yes                        ; 2.32 V                      ; 8.25e-09 V                  ; 2.41 V             ; -0.0859 V          ; 0.289 V                             ; 0.136 V                             ; 3.15e-10 s                 ; 4.16e-10 s                 ; No                        ; Yes                       ;
; B[3]         ; 2.5 V        ; 0 s                 ; 0 s                 ; 2.32 V                       ; 8.25e-09 V                   ; 2.41 V              ; -0.0871 V           ; 0.291 V                              ; 0.138 V                              ; 3.15e-10 s                  ; 4.16e-10 s                  ; No                         ; Yes                        ; 2.32 V                      ; 8.25e-09 V                  ; 2.41 V             ; -0.0871 V          ; 0.291 V                             ; 0.138 V                             ; 3.15e-10 s                 ; 4.16e-10 s                 ; No                        ; Yes                       ;
; ~ALTERA_TDO~ ; 2.5 V        ; 0 s                 ; 0 s                 ; 2.32 V                       ; 1.39e-08 V                   ; 2.39 V              ; -0.0409 V           ; 0.21 V                               ; 0.121 V                              ; 4.7e-10 s                   ; 5.93e-10 s                  ; No                         ; Yes                        ; 2.32 V                      ; 1.39e-08 V                  ; 2.39 V             ; -0.0409 V          ; 0.21 V                              ; 0.121 V                             ; 4.7e-10 s                  ; 5.93e-10 s                 ; No                        ; Yes                       ;
+--------------+--------------+---------------------+---------------------+------------------------------+------------------------------+---------------------+---------------------+--------------------------------------+--------------------------------------+-----------------------------+-----------------------------+----------------------------+----------------------------+-----------------------------+-----------------------------+--------------------+--------------------+-------------------------------------+-------------------------------------+----------------------------+----------------------------+---------------------------+---------------------------+


+-------------------------------------------------------------------------------------------------------------------------------------------------------------------------------------------------------------------------------------------------------------------------------------------------------------------------------------------------------------------------------------------------------------------------------------------------------------------------------------------------------------------------------------------------------------------------------------------------------------------------------------------------------------------------------------------+
; Signal Integrity Metrics (Slow 1200mv 85c Model)                                                                                                                                                                                                                                                                                                                                                                                                                                                                                                                                                                                                                                          ;
+--------------+--------------+---------------------+---------------------+------------------------------+------------------------------+---------------------+---------------------+--------------------------------------+--------------------------------------+-----------------------------+-----------------------------+----------------------------+----------------------------+-----------------------------+-----------------------------+--------------------+--------------------+-------------------------------------+-------------------------------------+----------------------------+----------------------------+---------------------------+---------------------------+
; Pin          ; I/O Standard ; Board Delay on Rise ; Board Delay on Fall ; Steady State Voh at FPGA Pin ; Steady State Vol at FPGA Pin ; Voh Max at FPGA Pin ; Vol Min at FPGA Pin ; Ringback Voltage on Rise at FPGA Pin ; Ringback Voltage on Fall at FPGA Pin ; 10-90 Rise Time at FPGA Pin ; 90-10 Fall Time at FPGA Pin ; Monotonic Rise at FPGA Pin ; Monotonic Fall at FPGA Pin ; Steady State Voh at Far-end ; Steady State Vol at Far-end ; Voh Max at Far-end ; Vol Min at Far-end ; Ringback Voltage on Rise at Far-end ; Ringback Voltage on Fall at Far-end ; 10-90 Rise Time at Far-end ; 90-10 Fall Time at Far-end ; Monotonic Rise at Far-end ; Monotonic Fall at Far-end ;
+--------------+--------------+---------------------+---------------------+------------------------------+------------------------------+---------------------+---------------------+--------------------------------------+--------------------------------------+-----------------------------+-----------------------------+----------------------------+----------------------------+-----------------------------+-----------------------------+--------------------+--------------------+-------------------------------------+-------------------------------------+----------------------------+----------------------------+---------------------------+---------------------------+
; VSINC        ; 2.5 V        ; 0 s                 ; 0 s                 ; 2.32 V                       ; 1.16e-06 V                   ; 2.37 V              ; -0.0508 V           ; 0.153 V                              ; 0.187 V                              ; 4.63e-10 s                  ; 4.49e-10 s                  ; Yes                        ; Yes                        ; 2.32 V                      ; 1.16e-06 V                  ; 2.37 V             ; -0.0508 V          ; 0.153 V                             ; 0.187 V                             ; 4.63e-10 s                 ; 4.49e-10 s                 ; Yes                       ; Yes                       ;
; HSINC        ; 2.5 V        ; 0 s                 ; 0 s                 ; 2.32 V                       ; 1.16e-06 V                   ; 2.37 V              ; -0.049 V            ; 0.154 V                              ; 0.186 V                              ; 4.63e-10 s                  ; 4.5e-10 s                   ; Yes                        ; Yes                        ; 2.32 V                      ; 1.16e-06 V                  ; 2.37 V             ; -0.049 V           ; 0.154 V                             ; 0.186 V                             ; 4.63e-10 s                 ; 4.5e-10 s                  ; Yes                       ; Yes                       ;
; R[0]         ; 2.5 V        ; 0 s                 ; 0 s                 ; 2.32 V                       ; 1.16e-06 V                   ; 2.37 V              ; -0.049 V            ; 0.154 V                              ; 0.186 V                              ; 4.63e-10 s                  ; 4.5e-10 s                   ; Yes                        ; Yes                        ; 2.32 V                      ; 1.16e-06 V                  ; 2.37 V             ; -0.049 V           ; 0.154 V                             ; 0.186 V                             ; 4.63e-10 s                 ; 4.5e-10 s                  ; Yes                       ; Yes                       ;
; R[1]         ; 2.5 V        ; 0 s                 ; 0 s                 ; 2.32 V                       ; 1.16e-06 V                   ; 2.37 V              ; -0.0508 V           ; 0.153 V                              ; 0.187 V                              ; 4.63e-10 s                  ; 4.49e-10 s                  ; Yes                        ; Yes                        ; 2.32 V                      ; 1.16e-06 V                  ; 2.37 V             ; -0.0508 V          ; 0.153 V                             ; 0.187 V                             ; 4.63e-10 s                 ; 4.49e-10 s                 ; Yes                       ; Yes                       ;
; R[2]         ; 2.5 V        ; 0 s                 ; 0 s                 ; 2.32 V                       ; 1.16e-06 V                   ; 2.37 V              ; -0.0508 V           ; 0.153 V                              ; 0.187 V                              ; 4.63e-10 s                  ; 4.49e-10 s                  ; Yes                        ; Yes                        ; 2.32 V                      ; 1.16e-06 V                  ; 2.37 V             ; -0.0508 V          ; 0.153 V                             ; 0.187 V                             ; 4.63e-10 s                 ; 4.49e-10 s                 ; Yes                       ; Yes                       ;
; R[3]         ; 2.5 V        ; 0 s                 ; 0 s                 ; 2.32 V                       ; 1.16e-06 V                   ; 2.37 V              ; -0.049 V            ; 0.154 V                              ; 0.186 V                              ; 4.63e-10 s                  ; 4.5e-10 s                   ; Yes                        ; Yes                        ; 2.32 V                      ; 1.16e-06 V                  ; 2.37 V             ; -0.049 V           ; 0.154 V                             ; 0.186 V                             ; 4.63e-10 s                 ; 4.5e-10 s                  ; Yes                       ; Yes                       ;
; G[0]         ; 2.5 V        ; 0 s                 ; 0 s                 ; 2.32 V                       ; 1.16e-06 V                   ; 2.37 V              ; -0.049 V            ; 0.154 V                              ; 0.186 V                              ; 4.63e-10 s                  ; 4.5e-10 s                   ; Yes                        ; Yes                        ; 2.32 V                      ; 1.16e-06 V                  ; 2.37 V             ; -0.049 V           ; 0.154 V                             ; 0.186 V                             ; 4.63e-10 s                 ; 4.5e-10 s                  ; Yes                       ; Yes                       ;
; G[1]         ; 2.5 V        ; 0 s                 ; 0 s                 ; 2.32 V                       ; 1.16e-06 V                   ; 2.37 V              ; -0.0508 V           ; 0.153 V                              ; 0.187 V                              ; 4.63e-10 s                  ; 4.49e-10 s                  ; Yes                        ; Yes                        ; 2.32 V                      ; 1.16e-06 V                  ; 2.37 V             ; -0.0508 V          ; 0.153 V                             ; 0.187 V                             ; 4.63e-10 s                 ; 4.49e-10 s                 ; Yes                       ; Yes                       ;
; G[2]         ; 2.5 V        ; 0 s                 ; 0 s                 ; 2.32 V                       ; 1.16e-06 V                   ; 2.37 V              ; -0.0508 V           ; 0.153 V                              ; 0.187 V                              ; 4.63e-10 s                  ; 4.49e-10 s                  ; Yes                        ; Yes                        ; 2.32 V                      ; 1.16e-06 V                  ; 2.37 V             ; -0.0508 V          ; 0.153 V                             ; 0.187 V                             ; 4.63e-10 s                 ; 4.49e-10 s                 ; Yes                       ; Yes                       ;
; G[3]         ; 2.5 V        ; 0 s                 ; 0 s                 ; 2.32 V                       ; 1.16e-06 V                   ; 2.37 V              ; -0.049 V            ; 0.154 V                              ; 0.186 V                              ; 4.63e-10 s                  ; 4.5e-10 s                   ; Yes                        ; Yes                        ; 2.32 V                      ; 1.16e-06 V                  ; 2.37 V             ; -0.049 V           ; 0.154 V                             ; 0.186 V                             ; 4.63e-10 s                 ; 4.5e-10 s                  ; Yes                       ; Yes                       ;
; B[0]         ; 2.5 V        ; 0 s                 ; 0 s                 ; 2.32 V                       ; 1.16e-06 V                   ; 2.37 V              ; -0.049 V            ; 0.154 V                              ; 0.186 V                              ; 4.63e-10 s                  ; 4.5e-10 s                   ; Yes                        ; Yes                        ; 2.32 V                      ; 1.16e-06 V                  ; 2.37 V             ; -0.049 V           ; 0.154 V                             ; 0.186 V                             ; 4.63e-10 s                 ; 4.5e-10 s                  ; Yes                       ; Yes                       ;
; B[1]         ; 2.5 V        ; 0 s                 ; 0 s                 ; 2.32 V                       ; 1.16e-06 V                   ; 2.37 V              ; -0.049 V            ; 0.154 V                              ; 0.186 V                              ; 4.63e-10 s                  ; 4.5e-10 s                   ; Yes                        ; Yes                        ; 2.32 V                      ; 1.16e-06 V                  ; 2.37 V             ; -0.049 V           ; 0.154 V                             ; 0.186 V                             ; 4.63e-10 s                 ; 4.5e-10 s                  ; Yes                       ; Yes                       ;
; B[2]         ; 2.5 V        ; 0 s                 ; 0 s                 ; 2.32 V                       ; 1.16e-06 V                   ; 2.37 V              ; -0.049 V            ; 0.154 V                              ; 0.186 V                              ; 4.63e-10 s                  ; 4.5e-10 s                   ; Yes                        ; Yes                        ; 2.32 V                      ; 1.16e-06 V                  ; 2.37 V             ; -0.049 V           ; 0.154 V                             ; 0.186 V                             ; 4.63e-10 s                 ; 4.5e-10 s                  ; Yes                       ; Yes                       ;
; B[3]         ; 2.5 V        ; 0 s                 ; 0 s                 ; 2.32 V                       ; 1.16e-06 V                   ; 2.37 V              ; -0.0508 V           ; 0.153 V                              ; 0.187 V                              ; 4.63e-10 s                  ; 4.49e-10 s                  ; Yes                        ; Yes                        ; 2.32 V                      ; 1.16e-06 V                  ; 2.37 V             ; -0.0508 V          ; 0.153 V                             ; 0.187 V                             ; 4.63e-10 s                 ; 4.49e-10 s                 ; Yes                       ; Yes                       ;
; ~ALTERA_TDO~ ; 2.5 V        ; 0 s                 ; 0 s                 ; 2.32 V                       ; 1.97e-06 V                   ; 2.36 V              ; -0.0173 V           ; 0.144 V                              ; 0.094 V                              ; 6.44e-10 s                  ; 7.2e-10 s                   ; No                         ; Yes                        ; 2.32 V                      ; 1.97e-06 V                  ; 2.36 V             ; -0.0173 V          ; 0.144 V                             ; 0.094 V                             ; 6.44e-10 s                 ; 7.2e-10 s                  ; No                        ; Yes                       ;
+--------------+--------------+---------------------+---------------------+------------------------------+------------------------------+---------------------+---------------------+--------------------------------------+--------------------------------------+-----------------------------+-----------------------------+----------------------------+----------------------------+-----------------------------+-----------------------------+--------------------+--------------------+-------------------------------------+-------------------------------------+----------------------------+----------------------------+---------------------------+---------------------------+


+-------------------------------------------------------------------------------------------------------------------------------------------------------------------------------------------------------------------------------------------------------------------------------------------------------------------------------------------------------------------------------------------------------------------------------------------------------------------------------------------------------------------------------------------------------------------------------------------------------------------------------------------------------------------------------------------+
; Signal Integrity Metrics (Fast 1200mv 0c Model)                                                                                                                                                                                                                                                                                                                                                                                                                                                                                                                                                                                                                                           ;
+--------------+--------------+---------------------+---------------------+------------------------------+------------------------------+---------------------+---------------------+--------------------------------------+--------------------------------------+-----------------------------+-----------------------------+----------------------------+----------------------------+-----------------------------+-----------------------------+--------------------+--------------------+-------------------------------------+-------------------------------------+----------------------------+----------------------------+---------------------------+---------------------------+
; Pin          ; I/O Standard ; Board Delay on Rise ; Board Delay on Fall ; Steady State Voh at FPGA Pin ; Steady State Vol at FPGA Pin ; Voh Max at FPGA Pin ; Vol Min at FPGA Pin ; Ringback Voltage on Rise at FPGA Pin ; Ringback Voltage on Fall at FPGA Pin ; 10-90 Rise Time at FPGA Pin ; 90-10 Fall Time at FPGA Pin ; Monotonic Rise at FPGA Pin ; Monotonic Fall at FPGA Pin ; Steady State Voh at Far-end ; Steady State Vol at Far-end ; Voh Max at Far-end ; Vol Min at Far-end ; Ringback Voltage on Rise at Far-end ; Ringback Voltage on Fall at Far-end ; 10-90 Rise Time at Far-end ; 90-10 Fall Time at Far-end ; Monotonic Rise at Far-end ; Monotonic Fall at Far-end ;
+--------------+--------------+---------------------+---------------------+------------------------------+------------------------------+---------------------+---------------------+--------------------------------------+--------------------------------------+-----------------------------+-----------------------------+----------------------------+----------------------------+-----------------------------+-----------------------------+--------------------+--------------------+-------------------------------------+-------------------------------------+----------------------------+----------------------------+---------------------------+---------------------------+
; VSINC        ; 2.5 V        ; 0 s                 ; 0 s                 ; 2.62 V                       ; 9.94e-08 V                   ; 2.78 V              ; -0.0444 V           ; 0.25 V                               ; 0.107 V                              ; 2.67e-10 s                  ; 2.75e-10 s                  ; No                         ; Yes                        ; 2.62 V                      ; 9.94e-08 V                  ; 2.78 V             ; -0.0444 V          ; 0.25 V                              ; 0.107 V                             ; 2.67e-10 s                 ; 2.75e-10 s                 ; No                        ; Yes                       ;
; HSINC        ; 2.5 V        ; 0 s                 ; 0 s                 ; 2.62 V                       ; 9.95e-08 V                   ; 2.78 V              ; -0.0452 V           ; 0.248 V                              ; 0.108 V                              ; 2.67e-10 s                  ; 2.75e-10 s                  ; No                         ; Yes                        ; 2.62 V                      ; 9.95e-08 V                  ; 2.78 V             ; -0.0452 V          ; 0.248 V                             ; 0.108 V                             ; 2.67e-10 s                 ; 2.75e-10 s                 ; No                        ; Yes                       ;
; R[0]         ; 2.5 V        ; 0 s                 ; 0 s                 ; 2.62 V                       ; 9.95e-08 V                   ; 2.78 V              ; -0.0452 V           ; 0.248 V                              ; 0.108 V                              ; 2.67e-10 s                  ; 2.75e-10 s                  ; No                         ; Yes                        ; 2.62 V                      ; 9.95e-08 V                  ; 2.78 V             ; -0.0452 V          ; 0.248 V                             ; 0.108 V                             ; 2.67e-10 s                 ; 2.75e-10 s                 ; No                        ; Yes                       ;
; R[1]         ; 2.5 V        ; 0 s                 ; 0 s                 ; 2.62 V                       ; 9.94e-08 V                   ; 2.78 V              ; -0.0444 V           ; 0.25 V                               ; 0.107 V                              ; 2.67e-10 s                  ; 2.75e-10 s                  ; No                         ; Yes                        ; 2.62 V                      ; 9.94e-08 V                  ; 2.78 V             ; -0.0444 V          ; 0.25 V                              ; 0.107 V                             ; 2.67e-10 s                 ; 2.75e-10 s                 ; No                        ; Yes                       ;
; R[2]         ; 2.5 V        ; 0 s                 ; 0 s                 ; 2.62 V                       ; 9.94e-08 V                   ; 2.78 V              ; -0.0444 V           ; 0.25 V                               ; 0.107 V                              ; 2.67e-10 s                  ; 2.75e-10 s                  ; No                         ; Yes                        ; 2.62 V                      ; 9.94e-08 V                  ; 2.78 V             ; -0.0444 V          ; 0.25 V                              ; 0.107 V                             ; 2.67e-10 s                 ; 2.75e-10 s                 ; No                        ; Yes                       ;
; R[3]         ; 2.5 V        ; 0 s                 ; 0 s                 ; 2.62 V                       ; 9.95e-08 V                   ; 2.78 V              ; -0.0452 V           ; 0.248 V                              ; 0.108 V                              ; 2.67e-10 s                  ; 2.75e-10 s                  ; No                         ; Yes                        ; 2.62 V                      ; 9.95e-08 V                  ; 2.78 V             ; -0.0452 V          ; 0.248 V                             ; 0.108 V                             ; 2.67e-10 s                 ; 2.75e-10 s                 ; No                        ; Yes                       ;
; G[0]         ; 2.5 V        ; 0 s                 ; 0 s                 ; 2.62 V                       ; 9.95e-08 V                   ; 2.78 V              ; -0.0452 V           ; 0.248 V                              ; 0.108 V                              ; 2.67e-10 s                  ; 2.75e-10 s                  ; No                         ; Yes                        ; 2.62 V                      ; 9.95e-08 V                  ; 2.78 V             ; -0.0452 V          ; 0.248 V                             ; 0.108 V                             ; 2.67e-10 s                 ; 2.75e-10 s                 ; No                        ; Yes                       ;
; G[1]         ; 2.5 V        ; 0 s                 ; 0 s                 ; 2.62 V                       ; 9.94e-08 V                   ; 2.78 V              ; -0.0444 V           ; 0.25 V                               ; 0.107 V                              ; 2.67e-10 s                  ; 2.75e-10 s                  ; No                         ; Yes                        ; 2.62 V                      ; 9.94e-08 V                  ; 2.78 V             ; -0.0444 V          ; 0.25 V                              ; 0.107 V                             ; 2.67e-10 s                 ; 2.75e-10 s                 ; No                        ; Yes                       ;
; G[2]         ; 2.5 V        ; 0 s                 ; 0 s                 ; 2.62 V                       ; 9.94e-08 V                   ; 2.78 V              ; -0.0444 V           ; 0.25 V                               ; 0.107 V                              ; 2.67e-10 s                  ; 2.75e-10 s                  ; No                         ; Yes                        ; 2.62 V                      ; 9.94e-08 V                  ; 2.78 V             ; -0.0444 V          ; 0.25 V                              ; 0.107 V                             ; 2.67e-10 s                 ; 2.75e-10 s                 ; No                        ; Yes                       ;
; G[3]         ; 2.5 V        ; 0 s                 ; 0 s                 ; 2.62 V                       ; 9.95e-08 V                   ; 2.78 V              ; -0.0452 V           ; 0.248 V                              ; 0.108 V                              ; 2.67e-10 s                  ; 2.75e-10 s                  ; No                         ; Yes                        ; 2.62 V                      ; 9.95e-08 V                  ; 2.78 V             ; -0.0452 V          ; 0.248 V                             ; 0.108 V                             ; 2.67e-10 s                 ; 2.75e-10 s                 ; No                        ; Yes                       ;
; B[0]         ; 2.5 V        ; 0 s                 ; 0 s                 ; 2.62 V                       ; 9.95e-08 V                   ; 2.78 V              ; -0.0452 V           ; 0.248 V                              ; 0.108 V                              ; 2.67e-10 s                  ; 2.75e-10 s                  ; No                         ; Yes                        ; 2.62 V                      ; 9.95e-08 V                  ; 2.78 V             ; -0.0452 V          ; 0.248 V                             ; 0.108 V                             ; 2.67e-10 s                 ; 2.75e-10 s                 ; No                        ; Yes                       ;
; B[1]         ; 2.5 V        ; 0 s                 ; 0 s                 ; 2.62 V                       ; 9.95e-08 V                   ; 2.78 V              ; -0.0452 V           ; 0.248 V                              ; 0.108 V                              ; 2.67e-10 s                  ; 2.75e-10 s                  ; No                         ; Yes                        ; 2.62 V                      ; 9.95e-08 V                  ; 2.78 V             ; -0.0452 V          ; 0.248 V                             ; 0.108 V                             ; 2.67e-10 s                 ; 2.75e-10 s                 ; No                        ; Yes                       ;
; B[2]         ; 2.5 V        ; 0 s                 ; 0 s                 ; 2.62 V                       ; 9.95e-08 V                   ; 2.78 V              ; -0.0452 V           ; 0.248 V                              ; 0.108 V                              ; 2.67e-10 s                  ; 2.75e-10 s                  ; No                         ; Yes                        ; 2.62 V                      ; 9.95e-08 V                  ; 2.78 V             ; -0.0452 V          ; 0.248 V                             ; 0.108 V                             ; 2.67e-10 s                 ; 2.75e-10 s                 ; No                        ; Yes                       ;
; B[3]         ; 2.5 V        ; 0 s                 ; 0 s                 ; 2.62 V                       ; 9.94e-08 V                   ; 2.78 V              ; -0.0444 V           ; 0.25 V                               ; 0.107 V                              ; 2.67e-10 s                  ; 2.75e-10 s                  ; No                         ; Yes                        ; 2.62 V                      ; 9.94e-08 V                  ; 2.78 V             ; -0.0444 V          ; 0.25 V                              ; 0.107 V                             ; 2.67e-10 s                 ; 2.75e-10 s                 ; No                        ; Yes                       ;
; ~ALTERA_TDO~ ; 2.5 V        ; 0 s                 ; 0 s                 ; 2.62 V                       ; 1.68e-07 V                   ; 2.73 V              ; -0.0395 V           ; 0.361 V                              ; 0.109 V                              ; 3.1e-10 s                   ; 4.41e-10 s                  ; No                         ; Yes                        ; 2.62 V                      ; 1.68e-07 V                  ; 2.73 V             ; -0.0395 V          ; 0.361 V                             ; 0.109 V                             ; 3.1e-10 s                  ; 4.41e-10 s                 ; No                        ; Yes                       ;
+--------------+--------------+---------------------+---------------------+------------------------------+------------------------------+---------------------+---------------------+--------------------------------------+--------------------------------------+-----------------------------+-----------------------------+----------------------------+----------------------------+-----------------------------+-----------------------------+--------------------+--------------------+-------------------------------------+-------------------------------------+----------------------------+----------------------------+---------------------------+---------------------------+


+-----------------------------------------------------------------------------------------------+
; Setup Transfers                                                                               ;
+-------------------------+-------------------------+----------+----------+----------+----------+
; From Clock              ; To Clock                ; RR Paths ; FR Paths ; RF Paths ; FF Paths ;
+-------------------------+-------------------------+----------+----------+----------+----------+
; DIVFREC:I0|FF           ; CLK                     ; 1        ; 1        ; 0        ; 0        ;
; Contador800Mod:I1|carry ; Contador800Mod:I1|carry ; 55       ; 0        ; 0        ; 0        ;
; Contador800Mod:I1|carry ; DIVFREC:I0|FF           ; 81       ; 1        ; 0        ; 0        ;
; DIVFREC:I0|FF           ; DIVFREC:I0|FF           ; 170      ; 0        ; 0        ; 0        ;
; YSINCVGA:I3|EDO.IDLE    ; DIVFREC:I0|FF           ; 2        ; 2        ; 0        ; 0        ;
; DIVFREC:I0|FF           ; YSINCVGA:I3|EDO.IDLE    ; 0        ; 0        ; 1        ; 0        ;
; YSINCVGA:I3|VSINC       ; YSINCVGA:I3|VSINC       ; 3032348  ; 0        ; 0        ; 0        ;
+-------------------------+-------------------------+----------+----------+----------+----------+
Entries labeled "false path" only account for clock-to-clock false paths and not path-based false paths. As a result, actual path counts may be lower than reported.


+-----------------------------------------------------------------------------------------------+
; Hold Transfers                                                                                ;
+-------------------------+-------------------------+----------+----------+----------+----------+
; From Clock              ; To Clock                ; RR Paths ; FR Paths ; RF Paths ; FF Paths ;
+-------------------------+-------------------------+----------+----------+----------+----------+
; DIVFREC:I0|FF           ; CLK                     ; 1        ; 1        ; 0        ; 0        ;
; Contador800Mod:I1|carry ; Contador800Mod:I1|carry ; 55       ; 0        ; 0        ; 0        ;
; Contador800Mod:I1|carry ; DIVFREC:I0|FF           ; 81       ; 1        ; 0        ; 0        ;
; DIVFREC:I0|FF           ; DIVFREC:I0|FF           ; 170      ; 0        ; 0        ; 0        ;
; YSINCVGA:I3|EDO.IDLE    ; DIVFREC:I0|FF           ; 2        ; 2        ; 0        ; 0        ;
; DIVFREC:I0|FF           ; YSINCVGA:I3|EDO.IDLE    ; 0        ; 0        ; 1        ; 0        ;
; YSINCVGA:I3|VSINC       ; YSINCVGA:I3|VSINC       ; 3032348  ; 0        ; 0        ; 0        ;
+-------------------------+-------------------------+----------+----------+----------+----------+
Entries labeled "false path" only account for clock-to-clock false paths and not path-based false paths. As a result, actual path counts may be lower than reported.


+-----------------------------------------------------------------------------------------------+
; Recovery Transfers                                                                            ;
+-------------------------+-------------------------+----------+----------+----------+----------+
; From Clock              ; To Clock                ; RR Paths ; FR Paths ; RF Paths ; FF Paths ;
+-------------------------+-------------------------+----------+----------+----------+----------+
; Contador800Mod:I1|carry ; Contador800Mod:I1|carry ; 100      ; 0        ; 0        ; 0        ;
; DIVFREC:I0|FF           ; DIVFREC:I0|FF           ; 100      ; 0        ; 0        ; 0        ;
+-------------------------+-------------------------+----------+----------+----------+----------+
Entries labeled "false path" only account for clock-to-clock false paths and not path-based false paths. As a result, actual path counts may be lower than reported.


+-----------------------------------------------------------------------------------------------+
; Removal Transfers                                                                             ;
+-------------------------+-------------------------+----------+----------+----------+----------+
; From Clock              ; To Clock                ; RR Paths ; FR Paths ; RF Paths ; FF Paths ;
+-------------------------+-------------------------+----------+----------+----------+----------+
; Contador800Mod:I1|carry ; Contador800Mod:I1|carry ; 100      ; 0        ; 0        ; 0        ;
; DIVFREC:I0|FF           ; DIVFREC:I0|FF           ; 100      ; 0        ; 0        ; 0        ;
+-------------------------+-------------------------+----------+----------+----------+----------+
Entries labeled "false path" only account for clock-to-clock false paths and not path-based false paths. As a result, actual path counts may be lower than reported.


---------------
; Report TCCS ;
---------------
No dedicated SERDES Transmitter circuitry present in device or used in design


---------------
; Report RSKM ;
---------------
No non-DPA dedicated SERDES Receiver circuitry present in device or used in design


+------------------------------------------------+
; Unconstrained Paths Summary                    ;
+---------------------------------+-------+------+
; Property                        ; Setup ; Hold ;
+---------------------------------+-------+------+
; Illegal Clocks                  ; 0     ; 0    ;
; Unconstrained Clocks            ; 0     ; 0    ;
; Unconstrained Input Ports       ; 6     ; 6    ;
; Unconstrained Input Port Paths  ; 581   ; 581  ;
; Unconstrained Output Ports      ; 14    ; 14   ;
; Unconstrained Output Port Paths ; 2355  ; 2355 ;
+---------------------------------+-------+------+


+------------------------------------------------------------------------+
; Clock Status Summary                                                   ;
+-------------------------+-------------------------+------+-------------+
; Target                  ; Clock                   ; Type ; Status      ;
+-------------------------+-------------------------+------+-------------+
; CLK                     ; CLK                     ; Base ; Constrained ;
; Contador800Mod:I1|carry ; Contador800Mod:I1|carry ; Base ; Constrained ;
; DIVFREC:I0|FF           ; DIVFREC:I0|FF           ; Base ; Constrained ;
; YSINCVGA:I3|EDO.IDLE    ; YSINCVGA:I3|EDO.IDLE    ; Base ; Constrained ;
; YSINCVGA:I3|VSINC       ; YSINCVGA:I3|VSINC       ; Base ; Constrained ;
+-------------------------+-------------------------+------+-------------+


+---------------------------------------------------------------------------------------------------+
; Unconstrained Input Ports                                                                         ;
+------------+--------------------------------------------------------------------------------------+
; Input Port ; Comment                                                                              ;
+------------+--------------------------------------------------------------------------------------+
; JUMP       ; No input delay, min/max delays, false-path exceptions, or max skew assignments found ;
; PERSONAJE  ; No input delay, min/max delays, false-path exceptions, or max skew assignments found ;
; RST        ; No input delay, min/max delays, false-path exceptions, or max skew assignments found ;
; START      ; No input delay, min/max delays, false-path exceptions, or max skew assignments found ;
; SWB        ; No input delay, min/max delays, false-path exceptions, or max skew assignments found ;
; SWF        ; No input delay, min/max delays, false-path exceptions, or max skew assignments found ;
+------------+--------------------------------------------------------------------------------------+


+-----------------------------------------------------------------------------------------------------+
; Unconstrained Output Ports                                                                          ;
+-------------+---------------------------------------------------------------------------------------+
; Output Port ; Comment                                                                               ;
+-------------+---------------------------------------------------------------------------------------+
; B[0]        ; No output delay, min/max delays, false-path exceptions, or max skew assignments found ;
; B[1]        ; No output delay, min/max delays, false-path exceptions, or max skew assignments found ;
; B[2]        ; No output delay, min/max delays, false-path exceptions, or max skew assignments found ;
; B[3]        ; No output delay, min/max delays, false-path exceptions, or max skew assignments found ;
; G[0]        ; No output delay, min/max delays, false-path exceptions, or max skew assignments found ;
; G[1]        ; No output delay, min/max delays, false-path exceptions, or max skew assignments found ;
; G[2]        ; No output delay, min/max delays, false-path exceptions, or max skew assignments found ;
; G[3]        ; No output delay, min/max delays, false-path exceptions, or max skew assignments found ;
; HSINC       ; No output delay, min/max delays, false-path exceptions, or max skew assignments found ;
; R[0]        ; No output delay, min/max delays, false-path exceptions, or max skew assignments found ;
; R[1]        ; No output delay, min/max delays, false-path exceptions, or max skew assignments found ;
; R[2]        ; No output delay, min/max delays, false-path exceptions, or max skew assignments found ;
; R[3]        ; No output delay, min/max delays, false-path exceptions, or max skew assignments found ;
; VSINC       ; No output delay, min/max delays, false-path exceptions, or max skew assignments found ;
+-------------+---------------------------------------------------------------------------------------+


+---------------------------------------------------------------------------------------------------+
; Unconstrained Input Ports                                                                         ;
+------------+--------------------------------------------------------------------------------------+
; Input Port ; Comment                                                                              ;
+------------+--------------------------------------------------------------------------------------+
; JUMP       ; No input delay, min/max delays, false-path exceptions, or max skew assignments found ;
; PERSONAJE  ; No input delay, min/max delays, false-path exceptions, or max skew assignments found ;
; RST        ; No input delay, min/max delays, false-path exceptions, or max skew assignments found ;
; START      ; No input delay, min/max delays, false-path exceptions, or max skew assignments found ;
; SWB        ; No input delay, min/max delays, false-path exceptions, or max skew assignments found ;
; SWF        ; No input delay, min/max delays, false-path exceptions, or max skew assignments found ;
+------------+--------------------------------------------------------------------------------------+


+-----------------------------------------------------------------------------------------------------+
; Unconstrained Output Ports                                                                          ;
+-------------+---------------------------------------------------------------------------------------+
; Output Port ; Comment                                                                               ;
+-------------+---------------------------------------------------------------------------------------+
; B[0]        ; No output delay, min/max delays, false-path exceptions, or max skew assignments found ;
; B[1]        ; No output delay, min/max delays, false-path exceptions, or max skew assignments found ;
; B[2]        ; No output delay, min/max delays, false-path exceptions, or max skew assignments found ;
; B[3]        ; No output delay, min/max delays, false-path exceptions, or max skew assignments found ;
; G[0]        ; No output delay, min/max delays, false-path exceptions, or max skew assignments found ;
; G[1]        ; No output delay, min/max delays, false-path exceptions, or max skew assignments found ;
; G[2]        ; No output delay, min/max delays, false-path exceptions, or max skew assignments found ;
; G[3]        ; No output delay, min/max delays, false-path exceptions, or max skew assignments found ;
; HSINC       ; No output delay, min/max delays, false-path exceptions, or max skew assignments found ;
; R[0]        ; No output delay, min/max delays, false-path exceptions, or max skew assignments found ;
; R[1]        ; No output delay, min/max delays, false-path exceptions, or max skew assignments found ;
; R[2]        ; No output delay, min/max delays, false-path exceptions, or max skew assignments found ;
; R[3]        ; No output delay, min/max delays, false-path exceptions, or max skew assignments found ;
; VSINC       ; No output delay, min/max delays, false-path exceptions, or max skew assignments found ;
+-------------+---------------------------------------------------------------------------------------+


+--------------------------+
; Timing Analyzer Messages ;
+--------------------------+
Info: *******************************************************************
Info: Running Quartus Prime Timing Analyzer
    Info: Version 18.1.0 Build 625 09/12/2018 SJ Lite Edition
    Info: Processing started: Fri Mar 14 19:05:22 2025
Info: Command: quartus_sta CRUZVGA -c BOXVGA
Info: qsta_default_script.tcl version: #1
Warning (18236): Number of processors has not been specified which may cause overloading on shared machines.  Set the global assignment NUM_PARALLEL_PROCESSORS in your QSF to an appropriate value for best performance.
Info (20030): Parallel compilation is enabled and will use 12 of the 12 processors detected
Info (21077): Low junction temperature is 0 degrees C
Info (21077): High junction temperature is 85 degrees C
Warning (335093): The Timing Analyzer is analyzing 1 combinational loops as latches. For more details, run the Check Timing command in the Timing Analyzer or view the "User-Specified and Inferred Latches" table in the Analysis & Synthesis report.
Critical Warning (332012): Synopsys Design Constraints File file not found: 'BOXVGA.sdc'. A Synopsys Design Constraints File is required by the Timing Analyzer to get proper timing constraints. Without it, the Compiler will not properly optimize the design.
Info (332142): No user constrained base clocks found in the design. Calling "derive_clocks -period 1.0"
Info (332105): Deriving Clocks
    Info (332105): create_clock -period 1.000 -name YSINCVGA:I3|VSINC YSINCVGA:I3|VSINC
    Info (332105): create_clock -period 1.000 -name DIVFREC:I0|FF DIVFREC:I0|FF
    Info (332105): create_clock -period 1.000 -name Contador800Mod:I1|carry Contador800Mod:I1|carry
    Info (332105): create_clock -period 1.000 -name CLK CLK
    Info (332105): create_clock -period 1.000 -name YSINCVGA:I3|EDO.IDLE YSINCVGA:I3|EDO.IDLE
Info (332143): No user constrained clock uncertainty found in the design. Calling "derive_clock_uncertainty"
Info (332123): Deriving Clock Uncertainty. Please refer to report_sdc in the Timing Analyzer to see clock uncertainties.
Info: Found TIMING_ANALYZER_REPORT_SCRIPT_INCLUDE_DEFAULT_ANALYSIS = ON
Info: Analyzing Slow 1200mV 85C Model
Info: Can't run Report Timing Closure Recommendations. The current device family is not supported.
Critical Warning (332148): Timing requirements not met
Info (332146): Worst-case setup slack is -9.242
    Info (332119):     Slack       End Point TNS Clock 
    Info (332119): ========= =================== =====================
    Info (332119):    -9.242           -3048.720 YSINCVGA:I3|VSINC 
    Info (332119):    -4.530             -42.470 DIVFREC:I0|FF 
    Info (332119):    -4.169              -4.169 YSINCVGA:I3|EDO.IDLE 
    Info (332119):    -1.343              -7.505 Contador800Mod:I1|carry 
    Info (332119):    -0.942              -0.942 CLK 
Info (332146): Worst-case hold slack is 0.323
    Info (332119):     Slack       End Point TNS Clock 
    Info (332119): ========= =================== =====================
    Info (332119):     0.323               0.000 YSINCVGA:I3|VSINC 
    Info (332119):     0.324               0.000 DIVFREC:I0|FF 
    Info (332119):     0.341               0.000 Contador800Mod:I1|carry 
    Info (332119):     0.840               0.000 CLK 
    Info (332119):     3.770               0.000 YSINCVGA:I3|EDO.IDLE 
Info (332146): Worst-case recovery slack is -2.678
    Info (332119):     Slack       End Point TNS Clock 
    Info (332119): ========= =================== =====================
    Info (332119):    -2.678             -25.422 Contador800Mod:I1|carry 
    Info (332119):    -2.085             -17.815 DIVFREC:I0|FF 
Info (332146): Worst-case removal slack is 2.067
    Info (332119):     Slack       End Point TNS Clock 
    Info (332119): ========= =================== =====================
    Info (332119):     2.067               0.000 DIVFREC:I0|FF 
    Info (332119):     2.203               0.000 Contador800Mod:I1|carry 
Info (332146): Worst-case minimum pulse width slack is -3.000
    Info (332119):     Slack       End Point TNS Clock 
    Info (332119): ========= =================== =====================
    Info (332119):    -3.000              -4.403 CLK 
    Info (332119):    -1.403            -611.708 YSINCVGA:I3|VSINC 
    Info (332119):    -1.403             -29.463 DIVFREC:I0|FF 
    Info (332119):    -1.403             -14.030 Contador800Mod:I1|carry 
    Info (332119):     0.479               0.000 YSINCVGA:I3|EDO.IDLE 
Info: Analyzing Slow 1200mV 0C Model
Info (334003): Started post-fitting delay annotation
Info (334004): Delay annotation completed successfully
Info (332123): Deriving Clock Uncertainty. Please refer to report_sdc in the Timing Analyzer to see clock uncertainties.
Critical Warning (332148): Timing requirements not met
Info (332146): Worst-case setup slack is -8.393
    Info (332119):     Slack       End Point TNS Clock 
    Info (332119): ========= =================== =====================
    Info (332119):    -8.393           -2734.780 YSINCVGA:I3|VSINC 
    Info (332119):    -4.109             -37.489 DIVFREC:I0|FF 
    Info (332119):    -3.757              -3.757 YSINCVGA:I3|EDO.IDLE 
    Info (332119):    -1.172              -6.212 Contador800Mod:I1|carry 
    Info (332119):    -0.795              -0.795 CLK 
Info (332146): Worst-case hold slack is 0.289
    Info (332119):     Slack       End Point TNS Clock 
    Info (332119): ========= =================== =====================
    Info (332119):     0.289               0.000 YSINCVGA:I3|VSINC 
    Info (332119):     0.292               0.000 DIVFREC:I0|FF 
    Info (332119):     0.307               0.000 Contador800Mod:I1|carry 
    Info (332119):     0.748               0.000 CLK 
    Info (332119):     3.481               0.000 YSINCVGA:I3|EDO.IDLE 
Info (332146): Worst-case recovery slack is -2.419
    Info (332119):     Slack       End Point TNS Clock 
    Info (332119): ========= =================== =====================
    Info (332119):    -2.419             -22.727 Contador800Mod:I1|carry 
    Info (332119):    -1.850             -15.566 DIVFREC:I0|FF 
Info (332146): Worst-case removal slack is 1.893
    Info (332119):     Slack       End Point TNS Clock 
    Info (332119): ========= =================== =====================
    Info (332119):     1.893               0.000 DIVFREC:I0|FF 
    Info (332119):     2.043               0.000 Contador800Mod:I1|carry 
Info (332146): Worst-case minimum pulse width slack is -3.000
    Info (332119):     Slack       End Point TNS Clock 
    Info (332119): ========= =================== =====================
    Info (332119):    -3.000              -4.403 CLK 
    Info (332119):    -1.403            -611.708 YSINCVGA:I3|VSINC 
    Info (332119):    -1.403             -29.463 DIVFREC:I0|FF 
    Info (332119):    -1.403             -14.030 Contador800Mod:I1|carry 
    Info (332119):     0.475               0.000 YSINCVGA:I3|EDO.IDLE 
Info: Analyzing Fast 1200mV 0C Model
Info (332123): Deriving Clock Uncertainty. Please refer to report_sdc in the Timing Analyzer to see clock uncertainties.
Critical Warning (332148): Timing requirements not met
Info (332146): Worst-case setup slack is -3.177
    Info (332119):     Slack       End Point TNS Clock 
    Info (332119): ========= =================== =====================
    Info (332119):    -3.177           -1017.089 YSINCVGA:I3|VSINC 
    Info (332119):    -1.685              -1.685 YSINCVGA:I3|EDO.IDLE 
    Info (332119):    -1.363              -8.336 DIVFREC:I0|FF 
    Info (332119):    -0.116              -0.116 CLK 
    Info (332119):     0.027               0.000 Contador800Mod:I1|carry 
Info (332146): Worst-case hold slack is 0.141
    Info (332119):     Slack       End Point TNS Clock 
    Info (332119): ========= =================== =====================
    Info (332119):     0.141               0.000 YSINCVGA:I3|VSINC 
    Info (332119):     0.142               0.000 DIVFREC:I0|FF 
    Info (332119):     0.148               0.000 Contador800Mod:I1|carry 
    Info (332119):     0.331               0.000 CLK 
    Info (332119):     2.070               0.000 YSINCVGA:I3|EDO.IDLE 
Info (332146): Worst-case recovery slack is -0.638
    Info (332119):     Slack       End Point TNS Clock 
    Info (332119): ========= =================== =====================
    Info (332119):    -0.638              -5.711 Contador800Mod:I1|carry 
    Info (332119):    -0.350              -2.139 DIVFREC:I0|FF 
Info (332146): Worst-case removal slack is 0.862
    Info (332119):     Slack       End Point TNS Clock 
    Info (332119): ========= =================== =====================
    Info (332119):     0.862               0.000 DIVFREC:I0|FF 
    Info (332119):     0.905               0.000 Contador800Mod:I1|carry 
Info (332146): Worst-case minimum pulse width slack is -3.000
    Info (332119):     Slack       End Point TNS Clock 
    Info (332119): ========= =================== =====================
    Info (332119):    -3.000              -4.009 CLK 
    Info (332119):    -1.000            -436.000 YSINCVGA:I3|VSINC 
    Info (332119):    -1.000             -21.000 DIVFREC:I0|FF 
    Info (332119):    -1.000             -10.000 Contador800Mod:I1|carry 
    Info (332119):     0.497               0.000 YSINCVGA:I3|EDO.IDLE 
Info (332102): Design is not fully constrained for setup requirements
Info (332102): Design is not fully constrained for hold requirements
Info: Quartus Prime Timing Analyzer was successful. 0 errors, 6 warnings
    Info: Peak virtual memory: 4947 megabytes
    Info: Processing ended: Fri Mar 14 19:05:26 2025
    Info: Elapsed time: 00:00:04
    Info: Total CPU time (on all processors): 00:00:07


